<?xml version="1.0" encoding="UTF-8"?>
<testng-results ignored="0" total="1" passed="1" failed="0" skipped="0">
  <reporter-output>
  </reporter-output>
  <suite started-at="2024-05-06T20:10:01 IST" name="Suite" finished-at="2024-05-06T20:10:01 IST" duration-ms="88">
    <groups>
    </groups>
    <test started-at="2024-05-06T20:10:01 IST" name="Test" finished-at="2024-05-06T20:10:01 IST" duration-ms="88">
      <class name="seleniumDemo.FirstTest">
        <test-method signature="myTest()[pri:0, instance:seleniumDemo.FirstTest@2e3967ea]" started-at="2024-05-06T20:10:01 IST" name="myTest" finished-at="2024-05-06T20:10:01 IST" duration-ms="16" status="PASS">
          <reporter-output>
          </reporter-output>
        </test-method> <!-- myTest -->
      </class> <!-- seleniumDemo.FirstTest -->
    </test> <!-- Test -->
  </suite> <!-- Suite -->
</testng-results>
